<?xml version="1.0" encoding="UTF-8"?>
<testng-results ignored="0" total="1" passed="1" failed="0" skipped="0">
  <reporter-output>
  </reporter-output>
  <suite started-at="2025-07-19T18:56:34 IST" name="Default suite" finished-at="2025-07-19T18:56:40 IST" duration-ms="5902">
    <groups>
    </groups>
    <test started-at="2025-07-19T18:56:34 IST" name="Default test" finished-at="2025-07-19T18:56:40 IST" duration-ms="5902">
      <class name="maven_tests.AllureTest">
        <test-method signature="loginTest()[pri:0, instance:maven_tests.AllureTest@41f69e84]" started-at="2025-07-19T18:56:34 IST" name="loginTest" description="This is a login test" finished-at="2025-07-19T18:56:39 IST" duration-ms="5753" status="PASS">
          <reporter-output>
          </reporter-output>
        </test-method> <!-- loginTest -->
      </class> <!-- maven_tests.AllureTest -->
    </test> <!-- Default test -->
  </suite> <!-- Default suite -->
</testng-results>
